<?xml version="1.0" encoding="UTF-8"?>
<!-- Generated by org.testng.reporters.JUnitReportReporter -->
<testsuite skipped="0" hostname="user-PC" name="flipkart.Test.FlipkartTest" tests="24" failures="0" timestamp="2020-08-10T20:05:28 IST" time="197.832" errors="0">
  <testcase name="enterEmailForLogin" time="6.805" classname="flipkart.Test.FlipkartTest"/>
  <system-out/>
  <testcase name="enterPasswordForLogin" time="2.350" classname="flipkart.Test.FlipkartTest"/>
  <system-out/>
  <testcase name="clickOnLogin" time="10.180" classname="flipkart.Test.FlipkartTest"/>
  <system-out/>
  <testcase name="getTitle" time="0.067" classname="flipkart.Test.FlipkartTest"/>
  <system-out/>
  <testcase name="homeAppliances" time="4.019" classname="flipkart.Test.FlipkartTest"/>
  <system-out/>
  <testcase name="clickOnFridge" time="6.189" classname="flipkart.Test.FlipkartTest"/>
  <system-out/>
  <testcase name="firstItem" time="8.308" classname="flipkart.Test.FlipkartTest"/>
  <system-out/>
  <testcase name="addFirstItem" time="14.884" classname="flipkart.Test.FlipkartTest"/>
  <system-out/>
  <testcase name="homeAppliances1" time="3.235" classname="flipkart.Test.FlipkartTest"/>
  <system-out/>
  <testcase name="clickOnTelevision" time="5.231" classname="flipkart.Test.FlipkartTest"/>
  <system-out/>
  <testcase name="SecondItem" time="5.168" classname="flipkart.Test.FlipkartTest"/>
  <system-out/>
  <testcase name="addSecondItem" time="14.506" classname="flipkart.Test.FlipkartTest"/>
  <system-out/>
  <testcase name="clickOnCart1" time="10.237" classname="flipkart.Test.FlipkartTest"/>
  <system-out/>
  <testcase name="screenshot_initial" time="10.609" classname="flipkart.Test.FlipkartTest"/>
  <system-out/>
  <testcase name="writeDataInExcel1" time="14.197" classname="flipkart.Test.FlipkartTest"/>
  <system-out/>
  <testcase name="homeAppliances2" time="2.198" classname="flipkart.Test.FlipkartTest"/>
  <system-out/>
  <testcase name="clickOnACtab" time="5.367" classname="flipkart.Test.FlipkartTest"/>
  <system-out/>
  <testcase name="ThirdItem" time="3.238" classname="flipkart.Test.FlipkartTest"/>
  <system-out/>
  <testcase name="addThirdItem" time="13.589" classname="flipkart.Test.FlipkartTest"/>
  <system-out/>
  <testcase name="clickOnCart2" time="10.282" classname="flipkart.Test.FlipkartTest"/>
  <system-out/>
  <testcase name="screenshot_final" time="10.449" classname="flipkart.Test.FlipkartTest"/>
  <system-out/>
  <testcase name="writeDataInExcel" time="0.424" classname="flipkart.Test.FlipkartTest"/>
  <system-out/>
  <testcase name="remove" time="27.855" classname="flipkart.Test.FlipkartTest"/>
  <system-out/>
  <testcase name="logOut" time="8.445" classname="flipkart.Test.FlipkartTest"/>
  <system-out/>
</testsuite> <!-- flipkart.Test.FlipkartTest -->
