<?xml version="1.0" encoding="UTF-8"?>
<!-- Generated by org.testng.reporters.JUnitReportReporter -->
<testsuite skipped="0" hostname="user-PC" name="flipkart.Test.SmokeTest" tests="15" failures="0" timestamp="2020-08-06T23:37:38 IST" time="12.332" errors="0">
  <testcase name="checkEmailField_SmokeTest" time="1.160" classname="flipkart.Test.SmokeTest"/>
  <system-out/>
  <testcase name="enterEmailForLogin_SmokeTest" time="2.142" classname="flipkart.Test.SmokeTest"/>
  <system-out/>
  <testcase name="checkPassword_SmokeTest" time="0.314" classname="flipkart.Test.SmokeTest"/>
  <system-out/>
  <testcase name="enterPassword_smokeTesting" time="0.348" classname="flipkart.Test.SmokeTest"/>
  <system-out/>
  <testcase name="checkLogin_SmokeTest" time="0.313" classname="flipkart.Test.SmokeTest"/>
  <system-out/>
  <testcase name="clickOnLogin_smokeTesting" time="0.300" classname="flipkart.Test.SmokeTest"/>
  <system-out/>
  <testcase name="checkTitle_SmokeTest" time="0.062" classname="flipkart.Test.SmokeTest"/>
  <system-out/>
  <testcase name="checkAccount_SmokeTest" time="0.140" classname="flipkart.Test.SmokeTest"/>
  <system-out/>
  <testcase name="checkCart_SmokeTest" time="0.110" classname="flipkart.Test.SmokeTest"/>
  <system-out/>
  <testcase name="checkHomeAppliances_SmokeTest" time="0.093" classname="flipkart.Test.SmokeTest"/>
  <system-out/>
  <testcase name="homeAppliances_smokeTesting" time="3.334" classname="flipkart.Test.SmokeTest"/>
  <system-out/>
  <testcase name="checkFridge_SmokeTest" time="0.167" classname="flipkart.Test.SmokeTest"/>
  <system-out/>
  <testcase name="checkTV_SmokeTest" time="0.095" classname="flipkart.Test.SmokeTest"/>
  <system-out/>
  <testcase name="checkAC_SmokeTest" time="0.093" classname="flipkart.Test.SmokeTest"/>
  <system-out/>
  <testcase name="logOut_SmokeTest" time="3.661" classname="flipkart.Test.SmokeTest"/>
  <system-out/>
</testsuite> <!-- flipkart.Test.SmokeTest -->
