<?xml version="1.0" encoding="UTF-8"?>
<!-- Generated by org.testng.reporters.JUnitReportReporter -->
<testsuite skipped="0" hostname="user-PC" name="flipkart.Test.FlipkartTest" tests="24" failures="0" timestamp="2020-08-12T20:44:38 IST" time="190.155" errors="0">
  <testcase name="enterEmailForLogin" time="1.402" classname="flipkart.Test.FlipkartTest"/>
  <system-out/>
  <testcase name="enterPasswordForLogin" time="2.254" classname="flipkart.Test.FlipkartTest"/>
  <system-out/>
  <testcase name="clickOnLogin" time="10.140" classname="flipkart.Test.FlipkartTest"/>
  <system-out/>
  <testcase name="getTitle" time="0.054" classname="flipkart.Test.FlipkartTest"/>
  <system-out/>
  <testcase name="homeAppliances" time="3.191" classname="flipkart.Test.FlipkartTest"/>
  <system-out/>
  <testcase name="clickOnFridge" time="6.134" classname="flipkart.Test.FlipkartTest"/>
  <system-out/>
  <testcase name="firstItem" time="8.139" classname="flipkart.Test.FlipkartTest"/>
  <system-out/>
  <testcase name="addFirstItem" time="14.624" classname="flipkart.Test.FlipkartTest"/>
  <system-out/>
  <testcase name="homeAppliances1" time="3.236" classname="flipkart.Test.FlipkartTest"/>
  <system-out/>
  <testcase name="clickOnTelevision" time="5.274" classname="flipkart.Test.FlipkartTest"/>
  <system-out/>
  <testcase name="SecondItem" time="5.165" classname="flipkart.Test.FlipkartTest"/>
  <system-out/>
  <testcase name="addSecondItem" time="14.472" classname="flipkart.Test.FlipkartTest"/>
  <system-out/>
  <testcase name="clickOnCart1" time="10.243" classname="flipkart.Test.FlipkartTest"/>
  <system-out/>
  <testcase name="screenshot_initial" time="10.451" classname="flipkart.Test.FlipkartTest"/>
  <system-out/>
  <testcase name="writeDataInExcel1" time="13.761" classname="flipkart.Test.FlipkartTest"/>
  <system-out/>
  <testcase name="homeAppliances2" time="2.191" classname="flipkart.Test.FlipkartTest"/>
  <system-out/>
  <testcase name="clickOnACtab" time="5.431" classname="flipkart.Test.FlipkartTest"/>
  <system-out/>
  <testcase name="ThirdItem" time="3.249" classname="flipkart.Test.FlipkartTest"/>
  <system-out/>
  <testcase name="addThirdItem" time="13.600" classname="flipkart.Test.FlipkartTest"/>
  <system-out/>
  <testcase name="clickOnCart2" time="10.276" classname="flipkart.Test.FlipkartTest"/>
  <system-out/>
  <testcase name="screenshot_final" time="10.424" classname="flipkart.Test.FlipkartTest"/>
  <system-out/>
  <testcase name="writeDataInExcel" time="0.304" classname="flipkart.Test.FlipkartTest"/>
  <system-out/>
  <testcase name="remove" time="27.740" classname="flipkart.Test.FlipkartTest"/>
  <system-out/>
  <testcase name="logOut" time="8.400" classname="flipkart.Test.FlipkartTest"/>
  <system-out/>
</testsuite> <!-- flipkart.Test.FlipkartTest -->
