<?xml version="1.0" encoding="UTF-8"?>
<!-- Generated by org.testng.reporters.JUnitReportReporter -->
<testsuite skipped="0" hostname="user-PC" name="flipkart.Test.SmokeTest" tests="15" failures="0" timestamp="2020-08-12T20:44:38 IST" time="29.129" errors="0">
  <testcase name="checkEmailField_SmokeTest" time="0.487" classname="flipkart.Test.SmokeTest"/>
  <system-out/>
  <testcase name="enterEmailForLogin_SmokeTest" time="3.224" classname="flipkart.Test.SmokeTest"/>
  <system-out/>
  <testcase name="checkPassword_SmokeTest" time="0.775" classname="flipkart.Test.SmokeTest"/>
  <system-out/>
  <testcase name="enterPassword_smokeTesting" time="2.206" classname="flipkart.Test.SmokeTest"/>
  <system-out/>
  <testcase name="checkLogin_SmokeTest" time="0.101" classname="flipkart.Test.SmokeTest"/>
  <system-out/>
  <testcase name="clickOnLogin_smokeTesting" time="10.209" classname="flipkart.Test.SmokeTest"/>
  <system-out/>
  <testcase name="checkTitle_SmokeTest" time="0.048" classname="flipkart.Test.SmokeTest"/>
  <system-out/>
  <testcase name="checkAccount_SmokeTest" time="0.092" classname="flipkart.Test.SmokeTest"/>
  <system-out/>
  <testcase name="checkCart_SmokeTest" time="0.064" classname="flipkart.Test.SmokeTest"/>
  <system-out/>
  <testcase name="checkHomeAppliances_SmokeTest" time="0.060" classname="flipkart.Test.SmokeTest"/>
  <system-out/>
  <testcase name="homeAppliances_smokeTesting" time="3.212" classname="flipkart.Test.SmokeTest"/>
  <system-out/>
  <testcase name="checkFridge_SmokeTest" time="0.103" classname="flipkart.Test.SmokeTest"/>
  <system-out/>
  <testcase name="checkTV_SmokeTest" time="0.072" classname="flipkart.Test.SmokeTest"/>
  <system-out/>
  <testcase name="checkAC_SmokeTest" time="0.069" classname="flipkart.Test.SmokeTest"/>
  <system-out/>
  <testcase name="logOut_SmokeTest" time="8.407" classname="flipkart.Test.SmokeTest"/>
  <system-out/>
</testsuite> <!-- flipkart.Test.SmokeTest -->
